1731959122.424789 client started (2562): version 3.4, socket /tmp/tmux-1000/default, protocol 8
1731959122.424805 on Linux 5.15.167.4-microsoft-standard-WSL2 #1 SMP Tue Nov 5 00:21:55 UTC 2024
1731959122.424808 using libevent 2.1.12-stable poll
1731959122.424809 using ncurses 6.4 20240113
1731959122.424818 flags are 0x18010000
1731959122.424824 socket is /tmp/tmux-1000/default
1731959122.424830 trying connect
1731959122.424876 add peer 0x55830b73b640: 6 ((nil))
1731959122.425018 sending message 100 to peer 0x55830b73b640 (4 bytes)
1731959122.425021 sending message 111 to peer 0x55830b73b640 (8 bytes)
1731959122.425022 sending message 101 to peer 0x55830b73b640 (15 bytes)
1731959122.425024 sending message 109 to peer 0x55830b73b640 (4 bytes)
1731959122.425025 sending message 102 to peer 0x55830b73b640 (11 bytes)
1731959122.425027 sending message 108 to peer 0x55830b73b640 (21 bytes)
1731959122.425028 sending message 112 to peer 0x55830b73b640 (58 bytes)
1731959122.425030 sending message 112 to peer 0x55830b73b640 (5 bytes)
1731959122.425031 sending message 112 to peer 0x55830b73b640 (5 bytes)
1731959122.425033 sending message 112 to peer 0x55830b73b640 (6 bytes)
1731959122.425034 sending message 112 to peer 0x55830b73b640 (6 bytes)
1731959122.425036 sending message 112 to peer 0x55830b73b640 (11 bytes)
1731959122.425037 sending message 112 to peer 0x55830b73b640 (10 bytes)
1731959122.425039 sending message 112 to peer 0x55830b73b640 (13 bytes)
1731959122.425040 sending message 112 to peer 0x55830b73b640 (14 bytes)
1731959122.425042 sending message 112 to peer 0x55830b73b640 (19 bytes)
1731959122.425043 sending message 112 to peer 0x55830b73b640 (11 bytes)
1731959122.425045 sending message 112 to peer 0x55830b73b640 (10 bytes)
1731959122.425046 sending message 112 to peer 0x55830b73b640 (15 bytes)
1731959122.425047 sending message 112 to peer 0x55830b73b640 (21 bytes)
1731959122.425049 sending message 112 to peer 0x55830b73b640 (13 bytes)
1731959122.425050 sending message 112 to peer 0x55830b73b640 (7 bytes)
1731959122.425051 sending message 112 to peer 0x55830b73b640 (13 bytes)
1731959122.425053 sending message 112 to peer 0x55830b73b640 (7 bytes)
1731959122.425054 sending message 112 to peer 0x55830b73b640 (13 bytes)
1731959122.425056 sending message 112 to peer 0x55830b73b640 (9 bytes)
1731959122.425057 sending message 112 to peer 0x55830b73b640 (21 bytes)
1731959122.425059 sending message 112 to peer 0x55830b73b640 (13 bytes)
1731959122.425060 sending message 112 to peer 0x55830b73b640 (9 bytes)
1731959122.425061 sending message 112 to peer 0x55830b73b640 (16 bytes)
1731959122.425063 sending message 112 to peer 0x55830b73b640 (13 bytes)
1731959122.425065 sending message 112 to peer 0x55830b73b640 (9 bytes)
1731959122.425066 sending message 112 to peer 0x55830b73b640 (9 bytes)
1731959122.425068 sending message 112 to peer 0x55830b73b640 (12 bytes)
1731959122.425069 sending message 112 to peer 0x55830b73b640 (8 bytes)
1731959122.425071 sending message 112 to peer 0x55830b73b640 (8 bytes)
1731959122.425072 sending message 112 to peer 0x55830b73b640 (13 bytes)
1731959122.425074 sending message 112 to peer 0x55830b73b640 (7 bytes)
1731959122.425075 sending message 112 to peer 0x55830b73b640 (7 bytes)
1731959122.425077 sending message 112 to peer 0x55830b73b640 (9 bytes)
1731959122.425078 sending message 112 to peer 0x55830b73b640 (9 bytes)
1731959122.425080 sending message 112 to peer 0x55830b73b640 (15 bytes)
1731959122.425081 sending message 112 to peer 0x55830b73b640 (13 bytes)
1731959122.425083 sending message 112 to peer 0x55830b73b640 (12 bytes)
1731959122.425084 sending message 112 to peer 0x55830b73b640 (8 bytes)
1731959122.425086 sending message 112 to peer 0x55830b73b640 (14 bytes)
1731959122.425087 sending message 112 to peer 0x55830b73b640 (11 bytes)
1731959122.425089 sending message 112 to peer 0x55830b73b640 (9 bytes)
1731959122.425090 sending message 112 to peer 0x55830b73b640 (10 bytes)
1731959122.425092 sending message 112 to peer 0x55830b73b640 (10 bytes)
1731959122.425093 sending message 112 to peer 0x55830b73b640 (10 bytes)
1731959122.425098 sending message 112 to peer 0x55830b73b640 (10 bytes)
1731959122.425099 sending message 112 to peer 0x55830b73b640 (11 bytes)
1731959122.425101 sending message 112 to peer 0x55830b73b640 (12 bytes)
1731959122.425102 sending message 112 to peer 0x55830b73b640 (12 bytes)
1731959122.425103 sending message 112 to peer 0x55830b73b640 (12 bytes)
1731959122.425105 sending message 112 to peer 0x55830b73b640 (12 bytes)
1731959122.425106 sending message 112 to peer 0x55830b73b640 (12 bytes)
1731959122.425107 sending message 112 to peer 0x55830b73b640 (11 bytes)
1731959122.425109 sending message 112 to peer 0x55830b73b640 (11 bytes)
1731959122.425110 sending message 112 to peer 0x55830b73b640 (12 bytes)
1731959122.425111 sending message 112 to peer 0x55830b73b640 (12 bytes)
1731959122.425113 sending message 112 to peer 0x55830b73b640 (12 bytes)
1731959122.425114 sending message 112 to peer 0x55830b73b640 (12 bytes)
1731959122.425115 sending message 112 to peer 0x55830b73b640 (12 bytes)
1731959122.425117 sending message 112 to peer 0x55830b73b640 (9 bytes)
1731959122.425118 sending message 112 to peer 0x55830b73b640 (12 bytes)
1731959122.425120 sending message 112 to peer 0x55830b73b640 (13 bytes)
1731959122.425121 sending message 112 to peer 0x55830b73b640 (13 bytes)
1731959122.425122 sending message 112 to peer 0x55830b73b640 (13 bytes)
1731959122.425124 sending message 112 to peer 0x55830b73b640 (13 bytes)
1731959122.425125 sending message 112 to peer 0x55830b73b640 (13 bytes)
1731959122.425126 sending message 112 to peer 0x55830b73b640 (8 bytes)
1731959122.425128 sending message 112 to peer 0x55830b73b640 (11 bytes)
1731959122.425129 sending message 112 to peer 0x55830b73b640 (11 bytes)
1731959122.425130 sending message 112 to peer 0x55830b73b640 (11 bytes)
1731959122.425132 sending message 112 to peer 0x55830b73b640 (12 bytes)
1731959122.425133 sending message 112 to peer 0x55830b73b640 (12 bytes)
1731959122.425134 sending message 112 to peer 0x55830b73b640 (12 bytes)
1731959122.425136 sending message 112 to peer 0x55830b73b640 (12 bytes)
1731959122.425137 sending message 112 to peer 0x55830b73b640 (13 bytes)
1731959122.425138 sending message 112 to peer 0x55830b73b640 (13 bytes)
1731959122.425140 sending message 112 to peer 0x55830b73b640 (13 bytes)
1731959122.425141 sending message 112 to peer 0x55830b73b640 (8 bytes)
1731959122.425143 sending message 112 to peer 0x55830b73b640 (13 bytes)
1731959122.425144 sending message 112 to peer 0x55830b73b640 (13 bytes)
1731959122.425145 sending message 112 to peer 0x55830b73b640 (13 bytes)
1731959122.425147 sending message 112 to peer 0x55830b73b640 (13 bytes)
1731959122.425148 sending message 112 to peer 0x55830b73b640 (13 bytes)
1731959122.425149 sending message 112 to peer 0x55830b73b640 (12 bytes)
1731959122.425151 sending message 112 to peer 0x55830b73b640 (12 bytes)
1731959122.425152 sending message 112 to peer 0x55830b73b640 (12 bytes)
1731959122.425153 sending message 112 to peer 0x55830b73b640 (12 bytes)
1731959122.425155 sending message 112 to peer 0x55830b73b640 (13 bytes)
1731959122.425156 sending message 112 to peer 0x55830b73b640 (8 bytes)
1731959122.425157 sending message 112 to peer 0x55830b73b640 (13 bytes)
1731959122.425159 sending message 112 to peer 0x55830b73b640 (13 bytes)
1731959122.425160 sending message 112 to peer 0x55830b73b640 (13 bytes)
1731959122.425162 sending message 112 to peer 0x55830b73b640 (13 bytes)
1731959122.425163 sending message 112 to peer 0x55830b73b640 (13 bytes)
1731959122.425165 sending message 112 to peer 0x55830b73b640 (13 bytes)
1731959122.425166 sending message 112 to peer 0x55830b73b640 (13 bytes)
1731959122.425167 sending message 112 to peer 0x55830b73b640 (12 bytes)
1731959122.425169 sending message 112 to peer 0x55830b73b640 (12 bytes)
1731959122.425170 sending message 112 to peer 0x55830b73b640 (12 bytes)
1731959122.425172 sending message 112 to peer 0x55830b73b640 (8 bytes)
1731959122.425173 sending message 112 to peer 0x55830b73b640 (12 bytes)
1731959122.425175 sending message 112 to peer 0x55830b73b640 (13 bytes)
1731959122.425177 sending message 112 to peer 0x55830b73b640 (13 bytes)
1731959122.425179 sending message 112 to peer 0x55830b73b640 (13 bytes)
1731959122.425180 sending message 112 to peer 0x55830b73b640 (13 bytes)
1731959122.425181 sending message 112 to peer 0x55830b73b640 (13 bytes)
1731959122.425183 sending message 112 to peer 0x55830b73b640 (13 bytes)
1731959122.425184 sending message 112 to peer 0x55830b73b640 (13 bytes)
1731959122.425185 sending message 112 to peer 0x55830b73b640 (13 bytes)
1731959122.425187 sending message 112 to peer 0x55830b73b640 (12 bytes)
1731959122.425188 sending message 112 to peer 0x55830b73b640 (10 bytes)
1731959122.425189 sending message 112 to peer 0x55830b73b640 (12 bytes)
1731959122.425191 sending message 112 to peer 0x55830b73b640 (12 bytes)
1731959122.425192 sending message 112 to peer 0x55830b73b640 (12 bytes)
1731959122.425193 sending message 112 to peer 0x55830b73b640 (13 bytes)
1731959122.425195 sending message 112 to peer 0x55830b73b640 (13 bytes)
1731959122.425196 sending message 112 to peer 0x55830b73b640 (13 bytes)
1731959122.425197 sending message 112 to peer 0x55830b73b640 (13 bytes)
1731959122.425199 sending message 112 to peer 0x55830b73b640 (13 bytes)
1731959122.425200 sending message 112 to peer 0x55830b73b640 (13 bytes)
1731959122.425201 sending message 112 to peer 0x55830b73b640 (13 bytes)
1731959122.425203 sending message 112 to peer 0x55830b73b640 (10 bytes)
1731959122.425204 sending message 112 to peer 0x55830b73b640 (13 bytes)
1731959122.425205 sending message 112 to peer 0x55830b73b640 (12 bytes)
1731959122.425207 sending message 112 to peer 0x55830b73b640 (12 bytes)
1731959122.425208 sending message 112 to peer 0x55830b73b640 (12 bytes)
1731959122.425209 sending message 112 to peer 0x55830b73b640 (10 bytes)
1731959122.425211 sending message 112 to peer 0x55830b73b640 (10 bytes)
1731959122.425212 sending message 112 to peer 0x55830b73b640 (10 bytes)
1731959122.425213 sending message 112 to peer 0x55830b73b640 (12 bytes)
1731959122.425215 sending message 112 to peer 0x55830b73b640 (13 bytes)
1731959122.425216 sending message 112 to peer 0x55830b73b640 (13 bytes)
1731959122.425217 sending message 112 to peer 0x55830b73b640 (13 bytes)
1731959122.425218 sending message 112 to peer 0x55830b73b640 (13 bytes)
1731959122.425220 sending message 112 to peer 0x55830b73b640 (13 bytes)
1731959122.425221 sending message 112 to peer 0x55830b73b640 (10 bytes)
1731959122.425222 sending message 112 to peer 0x55830b73b640 (11 bytes)
1731959122.425224 sending message 112 to peer 0x55830b73b640 (12 bytes)
1731959122.425225 sending message 112 to peer 0x55830b73b640 (12 bytes)
1731959122.425226 sending message 112 to peer 0x55830b73b640 (12 bytes)
1731959122.425228 sending message 112 to peer 0x55830b73b640 (12 bytes)
1731959122.425229 sending message 112 to peer 0x55830b73b640 (12 bytes)
1731959122.425230 sending message 112 to peer 0x55830b73b640 (11 bytes)
1731959122.425232 sending message 112 to peer 0x55830b73b640 (12 bytes)
1731959122.425233 sending message 112 to peer 0x55830b73b640 (12 bytes)
1731959122.425234 sending message 112 to peer 0x55830b73b640 (13 bytes)
1731959122.425236 sending message 112 to peer 0x55830b73b640 (13 bytes)
1731959122.425237 sending message 112 to peer 0x55830b73b640 (13 bytes)
1731959122.425238 sending message 112 to peer 0x55830b73b640 (13 bytes)
1731959122.425240 sending message 112 to peer 0x55830b73b640 (13 bytes)
1731959122.425241 sending message 112 to peer 0x55830b73b640 (10 bytes)
1731959122.425242 sending message 112 to peer 0x55830b73b640 (9 bytes)
1731959122.425244 sending message 112 to peer 0x55830b73b640 (12 bytes)
1731959122.425245 sending message 112 to peer 0x55830b73b640 (13 bytes)
1731959122.425246 sending message 112 to peer 0x55830b73b640 (13 bytes)
1731959122.425248 sending message 112 to peer 0x55830b73b640 (13 bytes)
1731959122.425249 sending message 112 to peer 0x55830b73b640 (13 bytes)
1731959122.425250 sending message 112 to peer 0x55830b73b640 (13 bytes)
1731959122.425252 sending message 112 to peer 0x55830b73b640 (9 bytes)
1731959122.425255 sending message 112 to peer 0x55830b73b640 (12 bytes)
1731959122.425257 sending message 112 to peer 0x55830b73b640 (13 bytes)
1731959122.425266 sending message 112 to peer 0x55830b73b640 (13 bytes)
1731959122.425267 sending message 112 to peer 0x55830b73b640 (13 bytes)
1731959122.425269 sending message 112 to peer 0x55830b73b640 (13 bytes)
1731959122.425270 sending message 112 to peer 0x55830b73b640 (13 bytes)
1731959122.425272 sending message 112 to peer 0x55830b73b640 (11 bytes)
1731959122.425273 sending message 112 to peer 0x55830b73b640 (12 bytes)
1731959122.425274 sending message 112 to peer 0x55830b73b640 (13 bytes)
1731959122.425276 sending message 112 to peer 0x55830b73b640 (13 bytes)
1731959122.425277 sending message 112 to peer 0x55830b73b640 (13 bytes)
1731959122.425278 sending message 112 to peer 0x55830b73b640 (13 bytes)
1731959122.425280 sending message 112 to peer 0x55830b73b640 (13 bytes)
1731959122.425281 sending message 112 to peer 0x55830b73b640 (11 bytes)
1731959122.425283 sending message 112 to peer 0x55830b73b640 (12 bytes)
1731959122.425284 sending message 112 to peer 0x55830b73b640 (12 bytes)
1731959122.425286 sending message 112 to peer 0x55830b73b640 (12 bytes)
1731959122.425287 sending message 112 to peer 0x55830b73b640 (12 bytes)
1731959122.425288 sending message 112 to peer 0x55830b73b640 (12 bytes)
1731959122.425290 sending message 112 to peer 0x55830b73b640 (21 bytes)
1731959122.425291 sending message 112 to peer 0x55830b73b640 (12 bytes)
1731959122.425293 sending message 112 to peer 0x55830b73b640 (9 bytes)
1731959122.425294 sending message 112 to peer 0x55830b73b640 (6 bytes)
1731959122.425296 sending message 112 to peer 0x55830b73b640 (13 bytes)
1731959122.425297 sending message 112 to peer 0x55830b73b640 (10 bytes)
1731959122.425299 sending message 112 to peer 0x55830b73b640 (24 bytes)
1731959122.425300 sending message 112 to peer 0x55830b73b640 (13 bytes)
1731959122.425301 sending message 112 to peer 0x55830b73b640 (9 bytes)
1731959122.425303 sending message 112 to peer 0x55830b73b640 (70 bytes)
1731959122.425304 sending message 112 to peer 0x55830b73b640 (69 bytes)
1731959122.425306 sending message 112 to peer 0x55830b73b640 (12 bytes)
1731959122.425307 sending message 112 to peer 0x55830b73b640 (10 bytes)
1731959122.425309 sending message 112 to peer 0x55830b73b640 (10 bytes)
1731959122.425310 sending message 112 to peer 0x55830b73b640 (24 bytes)
1731959122.425312 sending message 112 to peer 0x55830b73b640 (13 bytes)
1731959122.425313 sending message 112 to peer 0x55830b73b640 (10 bytes)
1731959122.425315 sending message 112 to peer 0x55830b73b640 (10 bytes)
1731959122.425316 sending message 112 to peer 0x55830b73b640 (10 bytes)
1731959122.425318 sending message 112 to peer 0x55830b73b640 (13 bytes)
1731959122.425319 sending message 112 to peer 0x55830b73b640 (15 bytes)
1731959122.425321 sending message 112 to peer 0x55830b73b640 (5 bytes)
1731959122.425323 sending message 104 to peer 0x55830b73b640 (0 bytes)
1731959122.425325 sending message 110 to peer 0x55830b73b640 (0 bytes)
1731959122.425326 sending message 107 to peer 0x55830b73b640 (4 bytes)
1731959122.425328 sending message 105 to peer 0x55830b73b640 (16 bytes)
1731959122.425329 sending message 105 to peer 0x55830b73b640 (24 bytes)
1731959122.425331 sending message 105 to peer 0x55830b73b640 (23 bytes)
1731959122.425332 sending message 105 to peer 0x55830b73b640 (21 bytes)
1731959122.425334 sending message 105 to peer 0x55830b73b640 (25 bytes)
1731959122.425335 sending message 105 to peer 0x55830b73b640 (13 bytes)
1731959122.425337 sending message 105 to peer 0x55830b73b640 (23 bytes)
1731959122.425338 sending message 105 to peer 0x55830b73b640 (16 bytes)
1731959122.425339 sending message 105 to peer 0x55830b73b640 (13 bytes)
1731959122.425341 sending message 105 to peer 0x55830b73b640 (34 bytes)
1731959122.425343 sending message 105 to peer 0x55830b73b640 (1817 bytes)
1731959122.425350 sending message 105 to peer 0x55830b73b640 (26 bytes)
1731959122.425352 sending message 105 to peer 0x55830b73b640 (34 bytes)
1731959122.425355 sending message 105 to peer 0x55830b73b640 (20 bytes)
1731959122.425357 sending message 105 to peer 0x55830b73b640 (32 bytes)
1731959122.425358 sending message 105 to peer 0x55830b73b640 (10 bytes)
1731959122.425360 sending message 105 to peer 0x55830b73b640 (11 bytes)
1731959122.425362 sending message 105 to peer 0x55830b73b640 (8 bytes)
1731959122.425363 sending message 105 to peer 0x55830b73b640 (32 bytes)
1731959122.425365 sending message 105 to peer 0x55830b73b640 (8 bytes)
1731959122.425366 sending message 105 to peer 0x55830b73b640 (65 bytes)
1731959122.425368 sending message 105 to peer 0x55830b73b640 (1585 bytes)
1731959122.425370 sending message 105 to peer 0x55830b73b640 (54 bytes)
1731959122.425371 sending message 105 to peer 0x55830b73b640 (16 bytes)
1731959122.425373 sending message 105 to peer 0x55830b73b640 (40 bytes)
1731959122.425374 sending message 105 to peer 0x55830b73b640 (16 bytes)
1731959122.425376 sending message 105 to peer 0x55830b73b640 (27 bytes)
1731959122.425378 sending message 106 to peer 0x55830b73b640 (0 bytes)
1731959122.425410 sending message 200 to peer 0x55830b73b640 (4 bytes)
1731959122.425413 client loop enter
1731959122.428718 peer 0x55830b73b640 message 207
1731959122.428726 sending message 208 to peer 0x55830b73b640 (0 bytes)
1731959123.763544 peer 0x55830b73b640 message 201
1731959123.763568 sending message 205 to peer 0x55830b73b640 (0 bytes)
1731959123.764331 peer 0x55830b73b640 message 204
1731959123.764347 client loop exit
