1731959103.968899 client started (2548): version 3.4, socket /tmp/tmux-1000/default, protocol 8
1731959103.968916 on Linux 5.15.167.4-microsoft-standard-WSL2 #1 SMP Tue Nov 5 00:21:55 UTC 2024
1731959103.968918 using libevent 2.1.12-stable poll
1731959103.968920 using ncurses 6.4 20240113
1731959103.968929 flags are 0x18010000
1731959103.968934 socket is /tmp/tmux-1000/default
1731959103.968940 trying connect
1731959103.968985 add peer 0x55a347485640: 6 ((nil))
1731959103.969145 sending message 100 to peer 0x55a347485640 (4 bytes)
1731959103.969148 sending message 111 to peer 0x55a347485640 (8 bytes)
1731959103.969150 sending message 101 to peer 0x55a347485640 (15 bytes)
1731959103.969152 sending message 109 to peer 0x55a347485640 (4 bytes)
1731959103.969153 sending message 102 to peer 0x55a347485640 (11 bytes)
1731959103.969155 sending message 108 to peer 0x55a347485640 (21 bytes)
1731959103.969157 sending message 112 to peer 0x55a347485640 (58 bytes)
1731959103.969159 sending message 112 to peer 0x55a347485640 (5 bytes)
1731959103.969161 sending message 112 to peer 0x55a347485640 (5 bytes)
1731959103.969163 sending message 112 to peer 0x55a347485640 (6 bytes)
1731959103.969164 sending message 112 to peer 0x55a347485640 (6 bytes)
1731959103.969166 sending message 112 to peer 0x55a347485640 (11 bytes)
1731959103.969168 sending message 112 to peer 0x55a347485640 (10 bytes)
1731959103.969170 sending message 112 to peer 0x55a347485640 (13 bytes)
1731959103.969171 sending message 112 to peer 0x55a347485640 (14 bytes)
1731959103.969173 sending message 112 to peer 0x55a347485640 (19 bytes)
1731959103.969175 sending message 112 to peer 0x55a347485640 (11 bytes)
1731959103.969176 sending message 112 to peer 0x55a347485640 (10 bytes)
1731959103.969178 sending message 112 to peer 0x55a347485640 (15 bytes)
1731959103.969179 sending message 112 to peer 0x55a347485640 (21 bytes)
1731959103.969181 sending message 112 to peer 0x55a347485640 (13 bytes)
1731959103.969182 sending message 112 to peer 0x55a347485640 (7 bytes)
1731959103.969184 sending message 112 to peer 0x55a347485640 (13 bytes)
1731959103.969186 sending message 112 to peer 0x55a347485640 (7 bytes)
1731959103.969187 sending message 112 to peer 0x55a347485640 (13 bytes)
1731959103.969189 sending message 112 to peer 0x55a347485640 (9 bytes)
1731959103.969191 sending message 112 to peer 0x55a347485640 (21 bytes)
1731959103.969192 sending message 112 to peer 0x55a347485640 (13 bytes)
1731959103.969194 sending message 112 to peer 0x55a347485640 (9 bytes)
1731959103.969196 sending message 112 to peer 0x55a347485640 (16 bytes)
1731959103.969198 sending message 112 to peer 0x55a347485640 (13 bytes)
1731959103.969200 sending message 112 to peer 0x55a347485640 (9 bytes)
1731959103.969201 sending message 112 to peer 0x55a347485640 (9 bytes)
1731959103.969203 sending message 112 to peer 0x55a347485640 (12 bytes)
1731959103.969205 sending message 112 to peer 0x55a347485640 (8 bytes)
1731959103.969207 sending message 112 to peer 0x55a347485640 (8 bytes)
1731959103.969208 sending message 112 to peer 0x55a347485640 (13 bytes)
1731959103.969210 sending message 112 to peer 0x55a347485640 (7 bytes)
1731959103.969212 sending message 112 to peer 0x55a347485640 (7 bytes)
1731959103.969214 sending message 112 to peer 0x55a347485640 (9 bytes)
1731959103.969216 sending message 112 to peer 0x55a347485640 (9 bytes)
1731959103.969217 sending message 112 to peer 0x55a347485640 (15 bytes)
1731959103.969219 sending message 112 to peer 0x55a347485640 (13 bytes)
1731959103.969220 sending message 112 to peer 0x55a347485640 (12 bytes)
1731959103.969222 sending message 112 to peer 0x55a347485640 (8 bytes)
1731959103.969224 sending message 112 to peer 0x55a347485640 (14 bytes)
1731959103.969226 sending message 112 to peer 0x55a347485640 (11 bytes)
1731959103.969227 sending message 112 to peer 0x55a347485640 (9 bytes)
1731959103.969229 sending message 112 to peer 0x55a347485640 (10 bytes)
1731959103.969231 sending message 112 to peer 0x55a347485640 (10 bytes)
1731959103.969232 sending message 112 to peer 0x55a347485640 (10 bytes)
1731959103.969237 sending message 112 to peer 0x55a347485640 (10 bytes)
1731959103.969239 sending message 112 to peer 0x55a347485640 (11 bytes)
1731959103.969240 sending message 112 to peer 0x55a347485640 (12 bytes)
1731959103.969242 sending message 112 to peer 0x55a347485640 (12 bytes)
1731959103.969243 sending message 112 to peer 0x55a347485640 (12 bytes)
1731959103.969245 sending message 112 to peer 0x55a347485640 (12 bytes)
1731959103.969246 sending message 112 to peer 0x55a347485640 (12 bytes)
1731959103.969248 sending message 112 to peer 0x55a347485640 (11 bytes)
1731959103.969249 sending message 112 to peer 0x55a347485640 (11 bytes)
1731959103.969251 sending message 112 to peer 0x55a347485640 (12 bytes)
1731959103.969252 sending message 112 to peer 0x55a347485640 (12 bytes)
1731959103.969254 sending message 112 to peer 0x55a347485640 (12 bytes)
1731959103.969255 sending message 112 to peer 0x55a347485640 (12 bytes)
1731959103.969257 sending message 112 to peer 0x55a347485640 (12 bytes)
1731959103.969258 sending message 112 to peer 0x55a347485640 (9 bytes)
1731959103.969260 sending message 112 to peer 0x55a347485640 (12 bytes)
1731959103.969262 sending message 112 to peer 0x55a347485640 (13 bytes)
1731959103.969263 sending message 112 to peer 0x55a347485640 (13 bytes)
1731959103.969265 sending message 112 to peer 0x55a347485640 (13 bytes)
1731959103.969266 sending message 112 to peer 0x55a347485640 (13 bytes)
1731959103.969268 sending message 112 to peer 0x55a347485640 (13 bytes)
1731959103.969269 sending message 112 to peer 0x55a347485640 (8 bytes)
1731959103.969271 sending message 112 to peer 0x55a347485640 (11 bytes)
1731959103.969273 sending message 112 to peer 0x55a347485640 (11 bytes)
1731959103.969275 sending message 112 to peer 0x55a347485640 (11 bytes)
1731959103.969277 sending message 112 to peer 0x55a347485640 (12 bytes)
1731959103.969278 sending message 112 to peer 0x55a347485640 (12 bytes)
1731959103.969280 sending message 112 to peer 0x55a347485640 (12 bytes)
1731959103.969282 sending message 112 to peer 0x55a347485640 (12 bytes)
1731959103.969284 sending message 112 to peer 0x55a347485640 (13 bytes)
1731959103.969285 sending message 112 to peer 0x55a347485640 (13 bytes)
1731959103.969287 sending message 112 to peer 0x55a347485640 (13 bytes)
1731959103.969289 sending message 112 to peer 0x55a347485640 (8 bytes)
1731959103.969291 sending message 112 to peer 0x55a347485640 (13 bytes)
1731959103.969292 sending message 112 to peer 0x55a347485640 (13 bytes)
1731959103.969294 sending message 112 to peer 0x55a347485640 (13 bytes)
1731959103.969296 sending message 112 to peer 0x55a347485640 (13 bytes)
1731959103.969297 sending message 112 to peer 0x55a347485640 (13 bytes)
1731959103.969299 sending message 112 to peer 0x55a347485640 (12 bytes)
1731959103.969300 sending message 112 to peer 0x55a347485640 (12 bytes)
1731959103.969302 sending message 112 to peer 0x55a347485640 (12 bytes)
1731959103.969303 sending message 112 to peer 0x55a347485640 (12 bytes)
1731959103.969305 sending message 112 to peer 0x55a347485640 (13 bytes)
1731959103.969306 sending message 112 to peer 0x55a347485640 (8 bytes)
1731959103.969308 sending message 112 to peer 0x55a347485640 (13 bytes)
1731959103.969310 sending message 112 to peer 0x55a347485640 (13 bytes)
1731959103.969311 sending message 112 to peer 0x55a347485640 (13 bytes)
1731959103.969313 sending message 112 to peer 0x55a347485640 (13 bytes)
1731959103.969314 sending message 112 to peer 0x55a347485640 (13 bytes)
1731959103.969316 sending message 112 to peer 0x55a347485640 (13 bytes)
1731959103.969317 sending message 112 to peer 0x55a347485640 (13 bytes)
1731959103.969319 sending message 112 to peer 0x55a347485640 (12 bytes)
1731959103.969320 sending message 112 to peer 0x55a347485640 (12 bytes)
1731959103.969322 sending message 112 to peer 0x55a347485640 (12 bytes)
1731959103.969323 sending message 112 to peer 0x55a347485640 (8 bytes)
1731959103.969325 sending message 112 to peer 0x55a347485640 (12 bytes)
1731959103.969327 sending message 112 to peer 0x55a347485640 (13 bytes)
1731959103.969330 sending message 112 to peer 0x55a347485640 (13 bytes)
1731959103.969331 sending message 112 to peer 0x55a347485640 (13 bytes)
1731959103.969333 sending message 112 to peer 0x55a347485640 (13 bytes)
1731959103.969334 sending message 112 to peer 0x55a347485640 (13 bytes)
1731959103.969336 sending message 112 to peer 0x55a347485640 (13 bytes)
1731959103.969337 sending message 112 to peer 0x55a347485640 (13 bytes)
1731959103.969339 sending message 112 to peer 0x55a347485640 (13 bytes)
1731959103.969340 sending message 112 to peer 0x55a347485640 (12 bytes)
1731959103.969342 sending message 112 to peer 0x55a347485640 (10 bytes)
1731959103.969343 sending message 112 to peer 0x55a347485640 (12 bytes)
1731959103.969345 sending message 112 to peer 0x55a347485640 (12 bytes)
1731959103.969346 sending message 112 to peer 0x55a347485640 (12 bytes)
1731959103.969348 sending message 112 to peer 0x55a347485640 (13 bytes)
1731959103.969350 sending message 112 to peer 0x55a347485640 (13 bytes)
1731959103.969351 sending message 112 to peer 0x55a347485640 (13 bytes)
1731959103.969353 sending message 112 to peer 0x55a347485640 (13 bytes)
1731959103.969354 sending message 112 to peer 0x55a347485640 (13 bytes)
1731959103.969356 sending message 112 to peer 0x55a347485640 (13 bytes)
1731959103.969357 sending message 112 to peer 0x55a347485640 (13 bytes)
1731959103.969359 sending message 112 to peer 0x55a347485640 (10 bytes)
1731959103.969360 sending message 112 to peer 0x55a347485640 (13 bytes)
1731959103.969362 sending message 112 to peer 0x55a347485640 (12 bytes)
1731959103.969363 sending message 112 to peer 0x55a347485640 (12 bytes)
1731959103.969365 sending message 112 to peer 0x55a347485640 (12 bytes)
1731959103.969366 sending message 112 to peer 0x55a347485640 (10 bytes)
1731959103.969368 sending message 112 to peer 0x55a347485640 (10 bytes)
1731959103.969369 sending message 112 to peer 0x55a347485640 (10 bytes)
1731959103.969371 sending message 112 to peer 0x55a347485640 (12 bytes)
1731959103.969372 sending message 112 to peer 0x55a347485640 (13 bytes)
1731959103.969374 sending message 112 to peer 0x55a347485640 (13 bytes)
1731959103.969375 sending message 112 to peer 0x55a347485640 (13 bytes)
1731959103.969377 sending message 112 to peer 0x55a347485640 (13 bytes)
1731959103.969378 sending message 112 to peer 0x55a347485640 (13 bytes)
1731959103.969380 sending message 112 to peer 0x55a347485640 (10 bytes)
1731959103.969381 sending message 112 to peer 0x55a347485640 (11 bytes)
1731959103.969383 sending message 112 to peer 0x55a347485640 (12 bytes)
1731959103.969384 sending message 112 to peer 0x55a347485640 (12 bytes)
1731959103.969386 sending message 112 to peer 0x55a347485640 (12 bytes)
1731959103.969387 sending message 112 to peer 0x55a347485640 (12 bytes)
1731959103.969389 sending message 112 to peer 0x55a347485640 (12 bytes)
1731959103.969390 sending message 112 to peer 0x55a347485640 (11 bytes)
1731959103.969392 sending message 112 to peer 0x55a347485640 (12 bytes)
1731959103.969393 sending message 112 to peer 0x55a347485640 (12 bytes)
1731959103.969395 sending message 112 to peer 0x55a347485640 (13 bytes)
1731959103.969396 sending message 112 to peer 0x55a347485640 (13 bytes)
1731959103.969398 sending message 112 to peer 0x55a347485640 (13 bytes)
1731959103.969399 sending message 112 to peer 0x55a347485640 (13 bytes)
1731959103.969401 sending message 112 to peer 0x55a347485640 (13 bytes)
1731959103.969403 sending message 112 to peer 0x55a347485640 (10 bytes)
1731959103.969404 sending message 112 to peer 0x55a347485640 (9 bytes)
1731959103.969406 sending message 112 to peer 0x55a347485640 (12 bytes)
1731959103.969408 sending message 112 to peer 0x55a347485640 (13 bytes)
1731959103.969409 sending message 112 to peer 0x55a347485640 (13 bytes)
1731959103.969411 sending message 112 to peer 0x55a347485640 (13 bytes)
1731959103.969412 sending message 112 to peer 0x55a347485640 (13 bytes)
1731959103.969414 sending message 112 to peer 0x55a347485640 (13 bytes)
1731959103.969415 sending message 112 to peer 0x55a347485640 (9 bytes)
1731959103.969418 sending message 112 to peer 0x55a347485640 (12 bytes)
1731959103.969420 sending message 112 to peer 0x55a347485640 (13 bytes)
1731959103.969421 sending message 112 to peer 0x55a347485640 (13 bytes)
1731959103.969423 sending message 112 to peer 0x55a347485640 (13 bytes)
1731959103.969424 sending message 112 to peer 0x55a347485640 (13 bytes)
1731959103.969426 sending message 112 to peer 0x55a347485640 (13 bytes)
1731959103.969427 sending message 112 to peer 0x55a347485640 (11 bytes)
1731959103.969429 sending message 112 to peer 0x55a347485640 (12 bytes)
1731959103.969430 sending message 112 to peer 0x55a347485640 (13 bytes)
1731959103.969432 sending message 112 to peer 0x55a347485640 (13 bytes)
1731959103.969433 sending message 112 to peer 0x55a347485640 (13 bytes)
1731959103.969435 sending message 112 to peer 0x55a347485640 (13 bytes)
1731959103.969437 sending message 112 to peer 0x55a347485640 (13 bytes)
1731959103.969438 sending message 112 to peer 0x55a347485640 (11 bytes)
1731959103.969440 sending message 112 to peer 0x55a347485640 (12 bytes)
1731959103.969442 sending message 112 to peer 0x55a347485640 (12 bytes)
1731959103.969443 sending message 112 to peer 0x55a347485640 (12 bytes)
1731959103.969445 sending message 112 to peer 0x55a347485640 (12 bytes)
1731959103.969446 sending message 112 to peer 0x55a347485640 (12 bytes)
1731959103.969448 sending message 112 to peer 0x55a347485640 (21 bytes)
1731959103.969450 sending message 112 to peer 0x55a347485640 (12 bytes)
1731959103.969451 sending message 112 to peer 0x55a347485640 (9 bytes)
1731959103.969453 sending message 112 to peer 0x55a347485640 (6 bytes)
1731959103.969455 sending message 112 to peer 0x55a347485640 (13 bytes)
1731959103.969457 sending message 112 to peer 0x55a347485640 (10 bytes)
1731959103.969458 sending message 112 to peer 0x55a347485640 (24 bytes)
1731959103.969460 sending message 112 to peer 0x55a347485640 (13 bytes)
1731959103.969462 sending message 112 to peer 0x55a347485640 (9 bytes)
1731959103.969464 sending message 112 to peer 0x55a347485640 (70 bytes)
1731959103.969465 sending message 112 to peer 0x55a347485640 (69 bytes)
1731959103.969467 sending message 112 to peer 0x55a347485640 (12 bytes)
1731959103.969469 sending message 112 to peer 0x55a347485640 (10 bytes)
1731959103.969470 sending message 112 to peer 0x55a347485640 (10 bytes)
1731959103.969472 sending message 112 to peer 0x55a347485640 (24 bytes)
1731959103.969474 sending message 112 to peer 0x55a347485640 (13 bytes)
1731959103.969476 sending message 112 to peer 0x55a347485640 (10 bytes)
1731959103.969477 sending message 112 to peer 0x55a347485640 (10 bytes)
1731959103.969479 sending message 112 to peer 0x55a347485640 (10 bytes)
1731959103.969481 sending message 112 to peer 0x55a347485640 (13 bytes)
1731959103.969482 sending message 112 to peer 0x55a347485640 (15 bytes)
1731959103.969484 sending message 112 to peer 0x55a347485640 (5 bytes)
1731959103.969486 sending message 104 to peer 0x55a347485640 (0 bytes)
1731959103.969488 sending message 110 to peer 0x55a347485640 (0 bytes)
1731959103.969490 sending message 107 to peer 0x55a347485640 (4 bytes)
1731959103.969492 sending message 105 to peer 0x55a347485640 (16 bytes)
1731959103.969494 sending message 105 to peer 0x55a347485640 (24 bytes)
1731959103.969496 sending message 105 to peer 0x55a347485640 (23 bytes)
1731959103.969497 sending message 105 to peer 0x55a347485640 (21 bytes)
1731959103.969499 sending message 105 to peer 0x55a347485640 (25 bytes)
1731959103.969501 sending message 105 to peer 0x55a347485640 (13 bytes)
1731959103.969502 sending message 105 to peer 0x55a347485640 (23 bytes)
1731959103.969504 sending message 105 to peer 0x55a347485640 (16 bytes)
1731959103.969506 sending message 105 to peer 0x55a347485640 (13 bytes)
1731959103.969507 sending message 105 to peer 0x55a347485640 (34 bytes)
1731959103.969509 sending message 105 to peer 0x55a347485640 (1817 bytes)
1731959103.969518 sending message 105 to peer 0x55a347485640 (26 bytes)
1731959103.969519 sending message 105 to peer 0x55a347485640 (34 bytes)
1731959103.969523 sending message 105 to peer 0x55a347485640 (20 bytes)
1731959103.969525 sending message 105 to peer 0x55a347485640 (32 bytes)
1731959103.969527 sending message 105 to peer 0x55a347485640 (10 bytes)
1731959103.969528 sending message 105 to peer 0x55a347485640 (11 bytes)
1731959103.969530 sending message 105 to peer 0x55a347485640 (8 bytes)
1731959103.969532 sending message 105 to peer 0x55a347485640 (32 bytes)
1731959103.969534 sending message 105 to peer 0x55a347485640 (8 bytes)
1731959103.969536 sending message 105 to peer 0x55a347485640 (65 bytes)
1731959103.969537 sending message 105 to peer 0x55a347485640 (1585 bytes)
1731959103.969540 sending message 105 to peer 0x55a347485640 (54 bytes)
1731959103.969541 sending message 105 to peer 0x55a347485640 (16 bytes)
1731959103.969543 sending message 105 to peer 0x55a347485640 (40 bytes)
1731959103.969544 sending message 105 to peer 0x55a347485640 (16 bytes)
1731959103.969546 sending message 105 to peer 0x55a347485640 (27 bytes)
1731959103.969548 sending message 106 to peer 0x55a347485640 (0 bytes)
1731959103.969595 sending message 200 to peer 0x55a347485640 (4 bytes)
1731959103.969598 client loop enter
1731959103.972624 peer 0x55a347485640 message 207
1731959103.972630 sending message 208 to peer 0x55a347485640 (0 bytes)
1731959107.059710 peer 0x55a347485640 message 201
1731959107.059736 sending message 205 to peer 0x55a347485640 (0 bytes)
1731959107.060384 peer 0x55a347485640 message 204
1731959107.060398 client loop exit
